<?xml version="1.0" encoding="UTF-8"?>
<testsuite name="com.cheol.project.springboot.dto.HelloResponseDtoTest" tests="1" skipped="0" failures="0" errors="0" timestamp="2020-08-12T09:19:41" hostname="DESKTOP-4C997B2" time="0.004">
  <properties/>
  <testcase name="롬복_기능_테스트" classname="com.cheol.project.springboot.dto.HelloResponseDtoTest" time="0.004"/>
  <system-out><![CDATA[]]></system-out>
  <system-err><![CDATA[]]></system-err>
</testsuite>
