<?xml version="1.0" encoding="UTF-8"?>
<testsuite name="com.cheol.project.springboot.web.ProfileControllerTest" tests="1" skipped="0" failures="0" errors="0" timestamp="2020-08-12T09:19:41" hostname="DESKTOP-4C997B2" time="0.027">
  <properties/>
  <testcase name="profile은_인증없이_호출된다" classname="com.cheol.project.springboot.web.ProfileControllerTest" time="0.027"/>
  <system-out><![CDATA[2020-08-12 18:19:41.485  INFO 21400 --- [    Test worker] .b.t.c.SpringBootTestContextBootstrapper : Neither @ContextConfiguration nor @ContextHierarchy found for test class [com.cheol.project.springboot.web.ProfileControllerTest], using SpringBootContextLoader
2020-08-12 18:19:41.486  INFO 21400 --- [    Test worker] o.s.t.c.support.AbstractContextLoader    : Could not detect default resource locations for test class [com.cheol.project.springboot.web.ProfileControllerTest]: no resource found for suffixes {-context.xml, Context.groovy}.
2020-08-12 18:19:41.487  INFO 21400 --- [    Test worker] t.c.s.AnnotationConfigContextLoaderUtils : Could not detect default configuration classes for test class [com.cheol.project.springboot.web.ProfileControllerTest]: ProfileControllerTest does not declare any static, non-private, non-final, nested classes annotated with @Configuration.
2020-08-12 18:19:41.490  INFO 21400 --- [    Test worker] .b.t.c.SpringBootTestContextBootstrapper : Found @SpringBootConfiguration com.cheol.project.springboot.Application for test class com.cheol.project.springboot.web.ProfileControllerTest
2020-08-12 18:19:41.492  INFO 21400 --- [    Test worker] .b.t.c.SpringBootTestContextBootstrapper : Loaded default TestExecutionListener class names from location [META-INF/spring.factories]: [org.springframework.security.test.context.support.WithSecurityContextTestExecutionListener, org.springframework.security.test.context.support.ReactorContextTestExecutionListener, org.springframework.boot.test.autoconfigure.restdocs.RestDocsTestExecutionListener, org.springframework.boot.test.autoconfigure.web.client.MockRestServiceServerResetTestExecutionListener, org.springframework.boot.test.autoconfigure.web.servlet.MockMvcPrintOnlyOnFailureTestExecutionListener, org.springframework.boot.test.autoconfigure.web.servlet.WebDriverTestExecutionListener, org.springframework.boot.test.mock.mockito.MockitoTestExecutionListener, org.springframework.boot.test.mock.mockito.ResetMocksTestExecutionListener, org.springframework.test.context.web.ServletTestExecutionListener, org.springframework.test.context.support.DirtiesContextBeforeModesTestExecutionListener, org.springframework.test.context.support.DependencyInjectionTestExecutionListener, org.springframework.test.context.support.DirtiesContextTestExecutionListener, org.springframework.test.context.transaction.TransactionalTestExecutionListener, org.springframework.test.context.jdbc.SqlScriptsTestExecutionListener]
2020-08-12 18:19:41.494  INFO 21400 --- [    Test worker] .b.t.c.SpringBootTestContextBootstrapper : Using TestExecutionListeners: [org.springframework.test.context.web.ServletTestExecutionListener@53b30585, org.springframework.test.context.support.DirtiesContextBeforeModesTestExecutionListener@68daf7a1, org.springframework.boot.test.mock.mockito.MockitoTestExecutionListener@2d499bc5, org.springframework.boot.test.autoconfigure.SpringBootDependencyInjectionTestExecutionListener@551f9b2e, org.springframework.test.context.support.DirtiesContextTestExecutionListener@1ecb3325, org.springframework.test.context.transaction.TransactionalTestExecutionListener@2113b8a2, org.springframework.test.context.jdbc.SqlScriptsTestExecutionListener@40e598f6, org.springframework.security.test.context.support.WithSecurityContextTestExecutionListener@690abd2f, org.springframework.security.test.context.support.ReactorContextTestExecutionListener@2e9ff930, org.springframework.boot.test.autoconfigure.restdocs.RestDocsTestExecutionListener@12f592e9, org.springframework.boot.test.autoconfigure.web.client.MockRestServiceServerResetTestExecutionListener@7ebb9a69, org.springframework.boot.test.autoconfigure.web.servlet.MockMvcPrintOnlyOnFailureTestExecutionListener@4264b354, org.springframework.boot.test.autoconfigure.web.servlet.WebDriverTestExecutionListener@13639451, org.springframework.boot.test.mock.mockito.ResetMocksTestExecutionListener@2dbf2e0e]
]]></system-out>
  <system-err><![CDATA[]]></system-err>
</testsuite>
