<?xml version="1.0" encoding="UTF-8"?>
<testsuite name="com.cheol.project.springboot.web.ProfileControllerTest" tests="1" skipped="0" failures="0" errors="0" timestamp="2020-08-06T07:11:21" hostname="DESKTOP-4C997B2" time="0.021">
  <properties/>
  <testcase name="profile은_인증없이_호출된다" classname="com.cheol.project.springboot.web.ProfileControllerTest" time="0.021"/>
  <system-out><![CDATA[2020-08-06 16:11:21.707  INFO 15684 --- [    Test worker] .b.t.c.SpringBootTestContextBootstrapper : Neither @ContextConfiguration nor @ContextHierarchy found for test class [com.cheol.project.springboot.web.ProfileControllerTest], using SpringBootContextLoader
2020-08-06 16:11:21.709  INFO 15684 --- [    Test worker] o.s.t.c.support.AbstractContextLoader    : Could not detect default resource locations for test class [com.cheol.project.springboot.web.ProfileControllerTest]: no resource found for suffixes {-context.xml, Context.groovy}.
2020-08-06 16:11:21.711  INFO 15684 --- [    Test worker] t.c.s.AnnotationConfigContextLoaderUtils : Could not detect default configuration classes for test class [com.cheol.project.springboot.web.ProfileControllerTest]: ProfileControllerTest does not declare any static, non-private, non-final, nested classes annotated with @Configuration.
2020-08-06 16:11:21.714  INFO 15684 --- [    Test worker] .b.t.c.SpringBootTestContextBootstrapper : Found @SpringBootConfiguration com.cheol.project.springboot.Application for test class com.cheol.project.springboot.web.ProfileControllerTest
2020-08-06 16:11:21.717  INFO 15684 --- [    Test worker] .b.t.c.SpringBootTestContextBootstrapper : Loaded default TestExecutionListener class names from location [META-INF/spring.factories]: [org.springframework.security.test.context.support.WithSecurityContextTestExecutionListener, org.springframework.security.test.context.support.ReactorContextTestExecutionListener, org.springframework.boot.test.autoconfigure.restdocs.RestDocsTestExecutionListener, org.springframework.boot.test.autoconfigure.web.client.MockRestServiceServerResetTestExecutionListener, org.springframework.boot.test.autoconfigure.web.servlet.MockMvcPrintOnlyOnFailureTestExecutionListener, org.springframework.boot.test.autoconfigure.web.servlet.WebDriverTestExecutionListener, org.springframework.boot.test.mock.mockito.MockitoTestExecutionListener, org.springframework.boot.test.mock.mockito.ResetMocksTestExecutionListener, org.springframework.test.context.web.ServletTestExecutionListener, org.springframework.test.context.support.DirtiesContextBeforeModesTestExecutionListener, org.springframework.test.context.support.DependencyInjectionTestExecutionListener, org.springframework.test.context.support.DirtiesContextTestExecutionListener, org.springframework.test.context.transaction.TransactionalTestExecutionListener, org.springframework.test.context.jdbc.SqlScriptsTestExecutionListener]
2020-08-06 16:11:21.723  INFO 15684 --- [    Test worker] .b.t.c.SpringBootTestContextBootstrapper : Using TestExecutionListeners: [org.springframework.test.context.web.ServletTestExecutionListener@23aadd1c, org.springframework.test.context.support.DirtiesContextBeforeModesTestExecutionListener@3d91dad6, org.springframework.boot.test.mock.mockito.MockitoTestExecutionListener@2145a1b4, org.springframework.boot.test.autoconfigure.SpringBootDependencyInjectionTestExecutionListener@fd92713, org.springframework.test.context.support.DirtiesContextTestExecutionListener@7aee59c9, org.springframework.test.context.transaction.TransactionalTestExecutionListener@491a7b28, org.springframework.test.context.jdbc.SqlScriptsTestExecutionListener@45de2bbe, org.springframework.security.test.context.support.WithSecurityContextTestExecutionListener@3f97da9, org.springframework.security.test.context.support.ReactorContextTestExecutionListener@bd15c0e, org.springframework.boot.test.autoconfigure.restdocs.RestDocsTestExecutionListener@1108b567, org.springframework.boot.test.autoconfigure.web.client.MockRestServiceServerResetTestExecutionListener@253fff23, org.springframework.boot.test.autoconfigure.web.servlet.MockMvcPrintOnlyOnFailureTestExecutionListener@6d63da18, org.springframework.boot.test.autoconfigure.web.servlet.WebDriverTestExecutionListener@6c53ca96, org.springframework.boot.test.mock.mockito.ResetMocksTestExecutionListener@3824e9f6]
]]></system-out>
  <system-err><![CDATA[]]></system-err>
</testsuite>
