<?xml version="1.0" encoding="UTF-8"?>
<testsuite name="com.cheol.project.springboot.web.HelloControllerTest" tests="2" skipped="0" failures="0" errors="0" timestamp="2020-08-12T09:19:43" hostname="DESKTOP-4C997B2" time="0.091">
  <properties/>
  <testcase name="hello가_리턴된다" classname="com.cheol.project.springboot.web.HelloControllerTest" time="0.026"/>
  <testcase name="helloDto가_리턴된다" classname="com.cheol.project.springboot.web.HelloControllerTest" time="0.063"/>
  <system-out><![CDATA[2020-08-12 18:19:41.545  INFO 21400 --- [    Test worker] .b.t.a.w.s.WebMvcTestContextBootstrapper : Neither @ContextConfiguration nor @ContextHierarchy found for test class [com.cheol.project.springboot.web.HelloControllerTest], using SpringBootContextLoader
2020-08-12 18:19:41.547  INFO 21400 --- [    Test worker] o.s.t.c.support.AbstractContextLoader    : Could not detect default resource locations for test class [com.cheol.project.springboot.web.HelloControllerTest]: no resource found for suffixes {-context.xml, Context.groovy}.
2020-08-12 18:19:41.547  INFO 21400 --- [    Test worker] t.c.s.AnnotationConfigContextLoaderUtils : Could not detect default configuration classes for test class [com.cheol.project.springboot.web.HelloControllerTest]: HelloControllerTest does not declare any static, non-private, non-final, nested classes annotated with @Configuration.
2020-08-12 18:19:41.581  INFO 21400 --- [    Test worker] .b.t.c.SpringBootTestContextBootstrapper : Found @SpringBootConfiguration com.cheol.project.springboot.Application for test class com.cheol.project.springboot.web.HelloControllerTest
2020-08-12 18:19:41.582  INFO 21400 --- [    Test worker] .b.t.a.w.s.WebMvcTestContextBootstrapper : Loaded default TestExecutionListener class names from location [META-INF/spring.factories]: [org.springframework.security.test.context.support.WithSecurityContextTestExecutionListener, org.springframework.security.test.context.support.ReactorContextTestExecutionListener, org.springframework.boot.test.autoconfigure.restdocs.RestDocsTestExecutionListener, org.springframework.boot.test.autoconfigure.web.client.MockRestServiceServerResetTestExecutionListener, org.springframework.boot.test.autoconfigure.web.servlet.MockMvcPrintOnlyOnFailureTestExecutionListener, org.springframework.boot.test.autoconfigure.web.servlet.WebDriverTestExecutionListener, org.springframework.boot.test.mock.mockito.MockitoTestExecutionListener, org.springframework.boot.test.mock.mockito.ResetMocksTestExecutionListener, org.springframework.test.context.web.ServletTestExecutionListener, org.springframework.test.context.support.DirtiesContextBeforeModesTestExecutionListener, org.springframework.test.context.support.DependencyInjectionTestExecutionListener, org.springframework.test.context.support.DirtiesContextTestExecutionListener, org.springframework.test.context.transaction.TransactionalTestExecutionListener, org.springframework.test.context.jdbc.SqlScriptsTestExecutionListener]
2020-08-12 18:19:41.588  INFO 21400 --- [    Test worker] .b.t.a.w.s.WebMvcTestContextBootstrapper : Using TestExecutionListeners: [org.springframework.test.context.web.ServletTestExecutionListener@71d74864, org.springframework.test.context.support.DirtiesContextBeforeModesTestExecutionListener@77982caa, org.springframework.boot.test.mock.mockito.MockitoTestExecutionListener@13a3b7ac, org.springframework.boot.test.autoconfigure.SpringBootDependencyInjectionTestExecutionListener@6b2fbbc7, org.springframework.test.context.support.DirtiesContextTestExecutionListener@20f04aae, org.springframework.test.context.transaction.TransactionalTestExecutionListener@163bcf66, org.springframework.test.context.jdbc.SqlScriptsTestExecutionListener@182b04da, org.springframework.security.test.context.support.WithSecurityContextTestExecutionListener@ecc759b, org.springframework.security.test.context.support.ReactorContextTestExecutionListener@2ccbebd6, org.springframework.boot.test.autoconfigure.restdocs.RestDocsTestExecutionListener@644341d6, org.springframework.boot.test.autoconfigure.web.client.MockRestServiceServerResetTestExecutionListener@240e9450, org.springframework.boot.test.autoconfigure.web.servlet.MockMvcPrintOnlyOnFailureTestExecutionListener@49035de7, org.springframework.boot.test.autoconfigure.web.servlet.WebDriverTestExecutionListener@3a659a4a, org.springframework.boot.test.mock.mockito.ResetMocksTestExecutionListener@44563121]

  .   ____          _            __ _ _
 /\\ / ___'_ __ _ _(_)_ __  __ _ \ \ \ \
( ( )\___ | '_ | '_| | '_ \/ _` | \ \ \ \
 \\/  ___)| |_)| | | | | || (_| |  ) ) ) )
  '  |____| .__|_| |_|_| |_\__, | / / / /
 =========|_|==============|___/=/_/_/_/
 :: Spring Boot ::        (v2.1.7.RELEASE)

2020-08-12 18:19:41.656  INFO 21400 --- [    Test worker] c.c.p.s.web.HelloControllerTest          : Starting HelloControllerTest on DESKTOP-4C997B2 with PID 21400 (started by Admin in C:\cheol\java\work\cheol-springboot-webservice)
2020-08-12 18:19:41.657  INFO 21400 --- [    Test worker] c.c.p.s.web.HelloControllerTest          : No active profile set, falling back to default profiles: default
2020-08-12 18:19:42.691  INFO 21400 --- [    Test worker] o.s.s.concurrent.ThreadPoolTaskExecutor  : Initializing ExecutorService 'applicationTaskExecutor'
2020-08-12 18:19:42.757  INFO 21400 --- [    Test worker] o.s.b.a.w.s.WelcomePageHandlerMapping    : Adding welcome page template: index
2020-08-12 18:19:43.104  INFO 21400 --- [    Test worker] .s.s.UserDetailsServiceAutoConfiguration : 

Using generated security password: 6fe6b633-2507-461e-bbef-aabe86137b77

2020-08-12 18:19:43.463  INFO 21400 --- [    Test worker] o.s.s.web.DefaultSecurityFilterChain     : Creating filter chain: any request, [org.springframework.security.web.context.request.async.WebAsyncManagerIntegrationFilter@2ab6af8e, org.springframework.security.web.context.SecurityContextPersistenceFilter@49ebc3d8, org.springframework.security.web.header.HeaderWriterFilter@5cf71c4d, org.springframework.security.web.csrf.CsrfFilter@3aa084c9, org.springframework.security.web.authentication.logout.LogoutFilter@5a63784, org.springframework.security.web.authentication.UsernamePasswordAuthenticationFilter@39929842, org.springframework.security.web.authentication.ui.DefaultLoginPageGeneratingFilter@7dd28cca, org.springframework.security.web.authentication.ui.DefaultLogoutPageGeneratingFilter@5969b5ae, org.springframework.security.web.authentication.www.BasicAuthenticationFilter@3bf6fdb0, org.springframework.security.web.savedrequest.RequestCacheAwareFilter@19a3d56, org.springframework.security.web.servletapi.SecurityContextHolderAwareRequestFilter@656b4c5c, org.springframework.security.web.authentication.AnonymousAuthenticationFilter@55fec84e, org.springframework.security.web.session.SessionManagementFilter@62cf5dd6, org.springframework.security.web.access.ExceptionTranslationFilter@1d8ab66d, org.springframework.security.web.access.intercept.FilterSecurityInterceptor@fa674ff]
2020-08-12 18:19:43.483  INFO 21400 --- [    Test worker] o.s.b.t.m.w.SpringBootMockServletContext : Initializing Spring TestDispatcherServlet ''
2020-08-12 18:19:43.484  INFO 21400 --- [    Test worker] o.s.t.web.servlet.TestDispatcherServlet  : Initializing Servlet ''
2020-08-12 18:19:43.488  INFO 21400 --- [    Test worker] o.s.t.web.servlet.TestDispatcherServlet  : Completed initialization in 3 ms
2020-08-12 18:19:43.531  INFO 21400 --- [    Test worker] c.c.p.s.web.HelloControllerTest          : Started HelloControllerTest in 1.939 seconds (JVM running for 22.662)
]]></system-out>
  <system-err><![CDATA[]]></system-err>
</testsuite>
