<?xml version="1.0" encoding="UTF-8"?>
<testsuite name="com.cheol.project.springboot.web.PostsApiControllerTest" tests="1" skipped="0" failures="0" errors="0" timestamp="2020-08-12T09:19:41" hostname="DESKTOP-4C997B2" time="0.338">
  <properties/>
  <testcase name="Posts_등록된다" classname="com.cheol.project.springboot.web.PostsApiControllerTest" time="0.338"/>
  <system-out><![CDATA[2020-08-12 18:19:41.125  INFO 21400 --- [    Test worker] .b.t.c.SpringBootTestContextBootstrapper : Neither @ContextConfiguration nor @ContextHierarchy found for test class [com.cheol.project.springboot.web.PostsApiControllerTest], using SpringBootContextLoader
2020-08-12 18:19:41.126  INFO 21400 --- [    Test worker] o.s.t.c.support.AbstractContextLoader    : Could not detect default resource locations for test class [com.cheol.project.springboot.web.PostsApiControllerTest]: no resource found for suffixes {-context.xml, Context.groovy}.
2020-08-12 18:19:41.126  INFO 21400 --- [    Test worker] t.c.s.AnnotationConfigContextLoaderUtils : Could not detect default configuration classes for test class [com.cheol.project.springboot.web.PostsApiControllerTest]: PostsApiControllerTest does not declare any static, non-private, non-final, nested classes annotated with @Configuration.
2020-08-12 18:19:41.129  INFO 21400 --- [    Test worker] .b.t.c.SpringBootTestContextBootstrapper : Found @SpringBootConfiguration com.cheol.project.springboot.Application for test class com.cheol.project.springboot.web.PostsApiControllerTest
2020-08-12 18:19:41.131  INFO 21400 --- [    Test worker] .b.t.c.SpringBootTestContextBootstrapper : Loaded default TestExecutionListener class names from location [META-INF/spring.factories]: [org.springframework.security.test.context.support.WithSecurityContextTestExecutionListener, org.springframework.security.test.context.support.ReactorContextTestExecutionListener, org.springframework.boot.test.autoconfigure.restdocs.RestDocsTestExecutionListener, org.springframework.boot.test.autoconfigure.web.client.MockRestServiceServerResetTestExecutionListener, org.springframework.boot.test.autoconfigure.web.servlet.MockMvcPrintOnlyOnFailureTestExecutionListener, org.springframework.boot.test.autoconfigure.web.servlet.WebDriverTestExecutionListener, org.springframework.boot.test.mock.mockito.MockitoTestExecutionListener, org.springframework.boot.test.mock.mockito.ResetMocksTestExecutionListener, org.springframework.test.context.web.ServletTestExecutionListener, org.springframework.test.context.support.DirtiesContextBeforeModesTestExecutionListener, org.springframework.test.context.support.DependencyInjectionTestExecutionListener, org.springframework.test.context.support.DirtiesContextTestExecutionListener, org.springframework.test.context.transaction.TransactionalTestExecutionListener, org.springframework.test.context.jdbc.SqlScriptsTestExecutionListener]
2020-08-12 18:19:41.132  INFO 21400 --- [    Test worker] .b.t.c.SpringBootTestContextBootstrapper : Using TestExecutionListeners: [org.springframework.test.context.web.ServletTestExecutionListener@1361d335, org.springframework.test.context.support.DirtiesContextBeforeModesTestExecutionListener@507e3b68, org.springframework.boot.test.mock.mockito.MockitoTestExecutionListener@1ef96855, org.springframework.boot.test.autoconfigure.SpringBootDependencyInjectionTestExecutionListener@495c5cc0, org.springframework.test.context.support.DirtiesContextTestExecutionListener@54b9d6a5, org.springframework.test.context.transaction.TransactionalTestExecutionListener@753d0221, org.springframework.test.context.jdbc.SqlScriptsTestExecutionListener@20d37713, org.springframework.security.test.context.support.WithSecurityContextTestExecutionListener@bc29595, org.springframework.security.test.context.support.ReactorContextTestExecutionListener@115476b6, org.springframework.boot.test.autoconfigure.restdocs.RestDocsTestExecutionListener@ce552b7, org.springframework.boot.test.autoconfigure.web.client.MockRestServiceServerResetTestExecutionListener@3735c7d7, org.springframework.boot.test.autoconfigure.web.servlet.MockMvcPrintOnlyOnFailureTestExecutionListener@28c49299, org.springframework.boot.test.autoconfigure.web.servlet.WebDriverTestExecutionListener@1a97a0f1, org.springframework.boot.test.mock.mockito.ResetMocksTestExecutionListener@3c4139fe]
2020-08-12 18:19:41.174  INFO 21400 --- [    Test worker] o.a.c.c.C.[Tomcat].[localhost].[/]       : Initializing Spring TestDispatcherServlet ''
2020-08-12 18:19:41.174  INFO 21400 --- [    Test worker] o.s.t.web.servlet.TestDispatcherServlet  : Initializing Servlet ''
2020-08-12 18:19:41.179  INFO 21400 --- [    Test worker] o.s.t.web.servlet.TestDispatcherServlet  : Completed initialization in 4 ms
Hibernate: insert into posts (create_date, modified_date, author, content, email, title) values (?, ?, ?, ?, ?, ?)
Hibernate: select posts0_.id as id1_0_, posts0_.create_date as create_d2_0_, posts0_.modified_date as modified3_0_, posts0_.author as author4_0_, posts0_.content as content5_0_, posts0_.email as email6_0_, posts0_.title as title7_0_ from posts posts0_
Hibernate: select posts0_.id as id1_0_, posts0_.create_date as create_d2_0_, posts0_.modified_date as modified3_0_, posts0_.author as author4_0_, posts0_.content as content5_0_, posts0_.email as email6_0_, posts0_.title as title7_0_ from posts posts0_
Hibernate: delete from posts where id=?
]]></system-out>
  <system-err><![CDATA[]]></system-err>
</testsuite>
