<?xml version="1.0" encoding="UTF-8"?>
<testsuite name="com.cheol.project.springboot.web.IndexControllerTest" tests="1" skipped="0" failures="0" errors="0" timestamp="2020-08-06T07:11:20" hostname="DESKTOP-4C997B2" time="0.48">
  <properties/>
  <testcase name="메인페이지_로딩" classname="com.cheol.project.springboot.web.IndexControllerTest" time="0.48"/>
  <system-out><![CDATA[2020-08-06 16:11:16.920  INFO 15684 --- [    Test worker] .b.t.c.SpringBootTestContextBootstrapper : Neither @ContextConfiguration nor @ContextHierarchy found for test class [com.cheol.project.springboot.web.IndexControllerTest], using SpringBootContextLoader
2020-08-06 16:11:16.922  INFO 15684 --- [    Test worker] o.s.t.c.support.AbstractContextLoader    : Could not detect default resource locations for test class [com.cheol.project.springboot.web.IndexControllerTest]: no resource found for suffixes {-context.xml, Context.groovy}.
2020-08-06 16:11:16.923  INFO 15684 --- [    Test worker] t.c.s.AnnotationConfigContextLoaderUtils : Could not detect default configuration classes for test class [com.cheol.project.springboot.web.IndexControllerTest]: IndexControllerTest does not declare any static, non-private, non-final, nested classes annotated with @Configuration.
2020-08-06 16:11:16.925  INFO 15684 --- [    Test worker] .b.t.c.SpringBootTestContextBootstrapper : Found @SpringBootConfiguration com.cheol.project.springboot.Application for test class com.cheol.project.springboot.web.IndexControllerTest
2020-08-06 16:11:16.933  INFO 15684 --- [    Test worker] .b.t.c.SpringBootTestContextBootstrapper : Loaded default TestExecutionListener class names from location [META-INF/spring.factories]: [org.springframework.security.test.context.support.WithSecurityContextTestExecutionListener, org.springframework.security.test.context.support.ReactorContextTestExecutionListener, org.springframework.boot.test.autoconfigure.restdocs.RestDocsTestExecutionListener, org.springframework.boot.test.autoconfigure.web.client.MockRestServiceServerResetTestExecutionListener, org.springframework.boot.test.autoconfigure.web.servlet.MockMvcPrintOnlyOnFailureTestExecutionListener, org.springframework.boot.test.autoconfigure.web.servlet.WebDriverTestExecutionListener, org.springframework.boot.test.mock.mockito.MockitoTestExecutionListener, org.springframework.boot.test.mock.mockito.ResetMocksTestExecutionListener, org.springframework.test.context.web.ServletTestExecutionListener, org.springframework.test.context.support.DirtiesContextBeforeModesTestExecutionListener, org.springframework.test.context.support.DependencyInjectionTestExecutionListener, org.springframework.test.context.support.DirtiesContextTestExecutionListener, org.springframework.test.context.transaction.TransactionalTestExecutionListener, org.springframework.test.context.jdbc.SqlScriptsTestExecutionListener]
2020-08-06 16:11:16.938  INFO 15684 --- [    Test worker] .b.t.c.SpringBootTestContextBootstrapper : Using TestExecutionListeners: [org.springframework.test.context.web.ServletTestExecutionListener@647b692f, org.springframework.test.context.support.DirtiesContextBeforeModesTestExecutionListener@34c4792b, org.springframework.boot.test.mock.mockito.MockitoTestExecutionListener@5ef0b404, org.springframework.boot.test.autoconfigure.SpringBootDependencyInjectionTestExecutionListener@6b05af3d, org.springframework.test.context.support.DirtiesContextTestExecutionListener@54089163, org.springframework.test.context.transaction.TransactionalTestExecutionListener@4312a7e8, org.springframework.test.context.jdbc.SqlScriptsTestExecutionListener@18197b1a, org.springframework.security.test.context.support.WithSecurityContextTestExecutionListener@5ea35363, org.springframework.security.test.context.support.ReactorContextTestExecutionListener@4eb0525d, org.springframework.boot.test.autoconfigure.restdocs.RestDocsTestExecutionListener@18cb8184, org.springframework.boot.test.autoconfigure.web.client.MockRestServiceServerResetTestExecutionListener@4b59f82c, org.springframework.boot.test.autoconfigure.web.servlet.MockMvcPrintOnlyOnFailureTestExecutionListener@f25926f, org.springframework.boot.test.autoconfigure.web.servlet.WebDriverTestExecutionListener@434b1b6c, org.springframework.boot.test.mock.mockito.ResetMocksTestExecutionListener@7486520]

  .   ____          _            __ _ _
 /\\ / ___'_ __ _ _(_)_ __  __ _ \ \ \ \
( ( )\___ | '_ | '_| | '_ \/ _` | \ \ \ \
 \\/  ___)| |_)| | | | | || (_| |  ) ) ) )
  '  |____| .__|_| |_|_| |_\__, | / / / /
 =========|_|==============|___/=/_/_/_/
 :: Spring Boot ::        (v2.1.7.RELEASE)

2020-08-06 16:11:17.045  INFO 15684 --- [    Test worker] c.c.p.s.web.IndexControllerTest          : Starting IndexControllerTest on DESKTOP-4C997B2 with PID 15684 (started by Admin in C:\cheol\java\work\cheol-springboot-webservice)
2020-08-06 16:11:17.046  INFO 15684 --- [    Test worker] c.c.p.s.web.IndexControllerTest          : No active profile set, falling back to default profiles: default
2020-08-06 16:11:17.456  INFO 15684 --- [    Test worker] .s.d.r.c.RepositoryConfigurationDelegate : Bootstrapping Spring Data repositories in DEFAULT mode.
2020-08-06 16:11:17.495  INFO 15684 --- [    Test worker] .s.d.r.c.RepositoryConfigurationDelegate : Finished Spring Data repository scanning in 38ms. Found 2 repository interfaces.
2020-08-06 16:11:17.669  INFO 15684 --- [    Test worker] trationDelegate$BeanPostProcessorChecker : Bean 'org.springframework.transaction.annotation.ProxyTransactionManagementConfiguration' of type [org.springframework.transaction.annotation.ProxyTransactionManagementConfiguration$$EnhancerBySpringCGLIB$$a838475b] is not eligible for getting processed by all BeanPostProcessors (for example: not eligible for auto-proxying)
2020-08-06 16:11:18.161  INFO 15684 --- [    Test worker] o.s.b.w.embedded.tomcat.TomcatWebServer  : Tomcat initialized with port(s): 0 (http)
2020-08-06 16:11:18.210  INFO 15684 --- [    Test worker] o.apache.catalina.core.StandardService   : Starting service [Tomcat]
2020-08-06 16:11:18.211  INFO 15684 --- [    Test worker] org.apache.catalina.core.StandardEngine  : Starting Servlet engine: [Apache Tomcat/9.0.22]
2020-08-06 16:11:18.534  INFO 15684 --- [    Test worker] o.a.c.c.C.[Tomcat].[localhost].[/]       : Initializing Spring embedded WebApplicationContext
2020-08-06 16:11:18.534  INFO 15684 --- [    Test worker] o.s.web.context.ContextLoader            : Root WebApplicationContext: initialization completed in 1456 ms
2020-08-06 16:11:18.889  INFO 15684 --- [    Test worker] com.zaxxer.hikari.HikariDataSource       : HikariPool-2 - Starting...
2020-08-06 16:11:18.890  INFO 15684 --- [    Test worker] com.zaxxer.hikari.HikariDataSource       : HikariPool-2 - Start completed.
2020-08-06 16:11:18.967  INFO 15684 --- [    Test worker] o.hibernate.jpa.internal.util.LogHelper  : HHH000204: Processing PersistenceUnitInfo [
	name: default
	...]
2020-08-06 16:11:18.989  INFO 15684 --- [    Test worker] org.hibernate.dialect.Dialect            : HHH000400: Using dialect: org.hibernate.dialect.MySQL5InnoDBDialect
Hibernate: drop table if exists posts
Hibernate: drop table if exists user
Hibernate: create table posts (id bigint not null auto_increment, create_date datetime, modified_date datetime, author varchar(255), content TEXT not null, title varchar(500) not null, primary key (id)) engine=InnoDB
Hibernate: create table user (id bigint not null auto_increment, create_date datetime, modified_date datetime, email varchar(255) not null, name varchar(255) not null, picture varchar(255), role varchar(255) not null, primary key (id)) engine=InnoDB
2020-08-06 16:11:19.099  INFO 15684 --- [    Test worker] o.h.t.schema.internal.SchemaCreatorImpl  : HHH000476: Executing import script 'org.hibernate.tool.schema.internal.exec.ScriptSourceInputNonExistentImpl@701b23df'
2020-08-06 16:11:19.100  INFO 15684 --- [    Test worker] j.LocalContainerEntityManagerFactoryBean : Initialized JPA EntityManagerFactory for persistence unit 'default'
2020-08-06 16:11:19.694  INFO 15684 --- [    Test worker] o.h.h.i.QueryTranslatorFactoryInitiator  : HHH000397: Using ASTQueryTranslatorFactory
2020-08-06 16:11:20.007  INFO 15684 --- [    Test worker] o.s.s.web.DefaultSecurityFilterChain     : Creating filter chain: any request, [org.springframework.security.web.context.request.async.WebAsyncManagerIntegrationFilter@68b194d6, org.springframework.security.web.context.SecurityContextPersistenceFilter@3e0f80e9, org.springframework.security.web.header.HeaderWriterFilter@5df25511, org.springframework.security.web.authentication.logout.LogoutFilter@4d9c980, org.springframework.security.oauth2.client.web.OAuth2AuthorizationRequestRedirectFilter@6e6ff644, org.springframework.security.oauth2.client.web.OAuth2LoginAuthenticationFilter@3a8efe52, org.springframework.security.web.authentication.ui.DefaultLoginPageGeneratingFilter@46131163, org.springframework.security.web.authentication.ui.DefaultLogoutPageGeneratingFilter@5c275779, org.springframework.security.web.savedrequest.RequestCacheAwareFilter@4d416f9d, org.springframework.security.web.servletapi.SecurityContextHolderAwareRequestFilter@254f1f9, org.springframework.security.web.authentication.AnonymousAuthenticationFilter@4deb576f, org.springframework.security.web.session.SessionManagementFilter@135aeb23, org.springframework.security.web.access.ExceptionTranslationFilter@41164570, org.springframework.security.web.access.intercept.FilterSecurityInterceptor@3280d445]
2020-08-06 16:11:20.339  INFO 15684 --- [    Test worker] o.s.s.concurrent.ThreadPoolTaskExecutor  : Initializing ExecutorService 'applicationTaskExecutor'
2020-08-06 16:11:20.357  WARN 15684 --- [    Test worker] aWebConfiguration$JpaWebMvcConfiguration : spring.jpa.open-in-view is enabled by default. Therefore, database queries may be performed during view rendering. Explicitly configure spring.jpa.open-in-view to disable this warning
2020-08-06 16:11:20.401  INFO 15684 --- [    Test worker] o.s.b.a.w.s.WelcomePageHandlerMapping    : Adding welcome page template: index
2020-08-06 16:11:20.895  INFO 15684 --- [    Test worker] s.a.ScheduledAnnotationBeanPostProcessor : No TaskScheduler/ScheduledExecutorService bean found for scheduled processing
2020-08-06 16:11:20.932  INFO 15684 --- [    Test worker] o.s.b.w.embedded.tomcat.TomcatWebServer  : Tomcat started on port(s): 6838 (http) with context path ''
2020-08-06 16:11:20.936  INFO 15684 --- [    Test worker] c.c.p.s.web.IndexControllerTest          : Started IndexControllerTest in 3.995 seconds (JVM running for 23.829)
2020-08-06 16:11:21.229  INFO 15684 --- [o-auto-1-exec-1] o.a.c.c.C.[Tomcat].[localhost].[/]       : Initializing Spring DispatcherServlet 'dispatcherServlet'
2020-08-06 16:11:21.229  INFO 15684 --- [o-auto-1-exec-1] o.s.web.servlet.DispatcherServlet        : Initializing Servlet 'dispatcherServlet'
2020-08-06 16:11:21.268  INFO 15684 --- [o-auto-1-exec-1] o.s.web.servlet.DispatcherServlet        : Completed initialization in 39 ms
Hibernate: select posts0_.id as id1_0_, posts0_.create_date as create_d2_0_, posts0_.modified_date as modified3_0_, posts0_.author as author4_0_, posts0_.content as content5_0_, posts0_.title as title6_0_ from posts posts0_ order by posts0_.id DESC
]]></system-out>
  <system-err><![CDATA[]]></system-err>
</testsuite>
