<?xml version="1.0" encoding="UTF-8"?>
<testsuite name="com.cheol.project.springboot.web.IndexControllerTest" tests="1" skipped="0" failures="0" errors="0" timestamp="2020-08-12T09:19:40" hostname="DESKTOP-4C997B2" time="0.504">
  <properties/>
  <testcase name="메인페이지_로딩" classname="com.cheol.project.springboot.web.IndexControllerTest" time="0.504"/>
  <system-out><![CDATA[2020-08-12 18:19:35.773  INFO 21400 --- [    Test worker] .b.t.c.SpringBootTestContextBootstrapper : Neither @ContextConfiguration nor @ContextHierarchy found for test class [com.cheol.project.springboot.web.IndexControllerTest], using SpringBootContextLoader
2020-08-12 18:19:35.774  INFO 21400 --- [    Test worker] o.s.t.c.support.AbstractContextLoader    : Could not detect default resource locations for test class [com.cheol.project.springboot.web.IndexControllerTest]: no resource found for suffixes {-context.xml, Context.groovy}.
2020-08-12 18:19:35.774  INFO 21400 --- [    Test worker] t.c.s.AnnotationConfigContextLoaderUtils : Could not detect default configuration classes for test class [com.cheol.project.springboot.web.IndexControllerTest]: IndexControllerTest does not declare any static, non-private, non-final, nested classes annotated with @Configuration.
2020-08-12 18:19:35.798  INFO 21400 --- [    Test worker] .b.t.c.SpringBootTestContextBootstrapper : Found @SpringBootConfiguration com.cheol.project.springboot.Application for test class com.cheol.project.springboot.web.IndexControllerTest
2020-08-12 18:19:35.802  INFO 21400 --- [    Test worker] .b.t.c.SpringBootTestContextBootstrapper : Loaded default TestExecutionListener class names from location [META-INF/spring.factories]: [org.springframework.security.test.context.support.WithSecurityContextTestExecutionListener, org.springframework.security.test.context.support.ReactorContextTestExecutionListener, org.springframework.boot.test.autoconfigure.restdocs.RestDocsTestExecutionListener, org.springframework.boot.test.autoconfigure.web.client.MockRestServiceServerResetTestExecutionListener, org.springframework.boot.test.autoconfigure.web.servlet.MockMvcPrintOnlyOnFailureTestExecutionListener, org.springframework.boot.test.autoconfigure.web.servlet.WebDriverTestExecutionListener, org.springframework.boot.test.mock.mockito.MockitoTestExecutionListener, org.springframework.boot.test.mock.mockito.ResetMocksTestExecutionListener, org.springframework.test.context.web.ServletTestExecutionListener, org.springframework.test.context.support.DirtiesContextBeforeModesTestExecutionListener, org.springframework.test.context.support.DependencyInjectionTestExecutionListener, org.springframework.test.context.support.DirtiesContextTestExecutionListener, org.springframework.test.context.transaction.TransactionalTestExecutionListener, org.springframework.test.context.jdbc.SqlScriptsTestExecutionListener]
2020-08-12 18:19:35.818  INFO 21400 --- [    Test worker] .b.t.c.SpringBootTestContextBootstrapper : Using TestExecutionListeners: [org.springframework.test.context.web.ServletTestExecutionListener@2fd2a42e, org.springframework.test.context.support.DirtiesContextBeforeModesTestExecutionListener@22bb8d7c, org.springframework.boot.test.mock.mockito.MockitoTestExecutionListener@7534ecd9, org.springframework.boot.test.autoconfigure.SpringBootDependencyInjectionTestExecutionListener@4d6920ed, org.springframework.test.context.support.DirtiesContextTestExecutionListener@77201eba, org.springframework.test.context.transaction.TransactionalTestExecutionListener@90ead4f, org.springframework.test.context.jdbc.SqlScriptsTestExecutionListener@5b0eca93, org.springframework.security.test.context.support.WithSecurityContextTestExecutionListener@5fe4f757, org.springframework.security.test.context.support.ReactorContextTestExecutionListener@2846e7df, org.springframework.boot.test.autoconfigure.restdocs.RestDocsTestExecutionListener@54de534d, org.springframework.boot.test.autoconfigure.web.client.MockRestServiceServerResetTestExecutionListener@79294117, org.springframework.boot.test.autoconfigure.web.servlet.MockMvcPrintOnlyOnFailureTestExecutionListener@10f5f2a, org.springframework.boot.test.autoconfigure.web.servlet.WebDriverTestExecutionListener@1e6838cb, org.springframework.boot.test.mock.mockito.ResetMocksTestExecutionListener@380a4470]

  .   ____          _            __ _ _
 /\\ / ___'_ __ _ _(_)_ __  __ _ \ \ \ \
( ( )\___ | '_ | '_| | '_ \/ _` | \ \ \ \
 \\/  ___)| |_)| | | | | || (_| |  ) ) ) )
  '  |____| .__|_| |_|_| |_\__, | / / / /
 =========|_|==============|___/=/_/_/_/
 :: Spring Boot ::        (v2.1.7.RELEASE)

2020-08-12 18:19:35.904  INFO 21400 --- [    Test worker] c.c.p.s.web.IndexControllerTest          : Starting IndexControllerTest on DESKTOP-4C997B2 with PID 21400 (started by Admin in C:\cheol\java\work\cheol-springboot-webservice)
2020-08-12 18:19:35.905  INFO 21400 --- [    Test worker] c.c.p.s.web.IndexControllerTest          : No active profile set, falling back to default profiles: default
2020-08-12 18:19:36.445  INFO 21400 --- [    Test worker] .s.d.r.c.RepositoryConfigurationDelegate : Bootstrapping Spring Data repositories in DEFAULT mode.
2020-08-12 18:19:36.678  INFO 21400 --- [    Test worker] .s.d.r.c.RepositoryConfigurationDelegate : Finished Spring Data repository scanning in 233ms. Found 2 repository interfaces.
2020-08-12 18:19:36.886  INFO 21400 --- [    Test worker] trationDelegate$BeanPostProcessorChecker : Bean 'org.springframework.transaction.annotation.ProxyTransactionManagementConfiguration' of type [org.springframework.transaction.annotation.ProxyTransactionManagementConfiguration$$EnhancerBySpringCGLIB$$b9a4aa19] is not eligible for getting processed by all BeanPostProcessors (for example: not eligible for auto-proxying)
2020-08-12 18:19:37.394  INFO 21400 --- [    Test worker] o.s.b.w.embedded.tomcat.TomcatWebServer  : Tomcat initialized with port(s): 0 (http)
2020-08-12 18:19:37.442  INFO 21400 --- [    Test worker] o.apache.catalina.core.StandardService   : Starting service [Tomcat]
2020-08-12 18:19:37.442  INFO 21400 --- [    Test worker] org.apache.catalina.core.StandardEngine  : Starting Servlet engine: [Apache Tomcat/9.0.22]
2020-08-12 18:19:37.823  INFO 21400 --- [    Test worker] o.a.c.c.C.[Tomcat].[localhost].[/]       : Initializing Spring embedded WebApplicationContext
2020-08-12 18:19:37.824  INFO 21400 --- [    Test worker] o.s.web.context.ContextLoader            : Root WebApplicationContext: initialization completed in 1914 ms
2020-08-12 18:19:38.150  INFO 21400 --- [    Test worker] com.zaxxer.hikari.HikariDataSource       : HikariPool-2 - Starting...
2020-08-12 18:19:38.152  INFO 21400 --- [    Test worker] com.zaxxer.hikari.HikariDataSource       : HikariPool-2 - Start completed.
2020-08-12 18:19:38.218  INFO 21400 --- [    Test worker] o.hibernate.jpa.internal.util.LogHelper  : HHH000204: Processing PersistenceUnitInfo [
	name: default
	...]
2020-08-12 18:19:38.239  INFO 21400 --- [    Test worker] org.hibernate.dialect.Dialect            : HHH000400: Using dialect: org.hibernate.dialect.MySQL5InnoDBDialect
Hibernate: drop table if exists posts
Hibernate: drop table if exists user
Hibernate: create table posts (id bigint not null auto_increment, create_date datetime, modified_date datetime, author varchar(255), content TEXT not null, email varchar(255), title varchar(500) not null, primary key (id)) engine=InnoDB
Hibernate: create table user (id bigint not null auto_increment, create_date datetime, modified_date datetime, email varchar(255) not null, name varchar(255) not null, picture varchar(255), role varchar(255) not null, primary key (id)) engine=InnoDB
2020-08-12 18:19:38.408  INFO 21400 --- [    Test worker] o.h.t.schema.internal.SchemaCreatorImpl  : HHH000476: Executing import script 'org.hibernate.tool.schema.internal.exec.ScriptSourceInputNonExistentImpl@539576e7'
2020-08-12 18:19:38.409  INFO 21400 --- [    Test worker] j.LocalContainerEntityManagerFactoryBean : Initialized JPA EntityManagerFactory for persistence unit 'default'
2020-08-12 18:19:39.004  INFO 21400 --- [    Test worker] o.h.h.i.QueryTranslatorFactoryInitiator  : HHH000397: Using ASTQueryTranslatorFactory
2020-08-12 18:19:39.351  INFO 21400 --- [    Test worker] o.s.s.web.DefaultSecurityFilterChain     : Creating filter chain: any request, [org.springframework.security.web.context.request.async.WebAsyncManagerIntegrationFilter@21b0086c, org.springframework.security.web.context.SecurityContextPersistenceFilter@5cdac93e, org.springframework.security.web.header.HeaderWriterFilter@5a64e830, org.springframework.security.web.authentication.logout.LogoutFilter@3089ae41, org.springframework.security.oauth2.client.web.OAuth2AuthorizationRequestRedirectFilter@22412791, org.springframework.security.oauth2.client.web.OAuth2LoginAuthenticationFilter@68ca7ac3, org.springframework.security.web.authentication.ui.DefaultLoginPageGeneratingFilter@3a900314, org.springframework.security.web.authentication.ui.DefaultLogoutPageGeneratingFilter@4223be77, org.springframework.security.web.savedrequest.RequestCacheAwareFilter@1e3faad, org.springframework.security.web.servletapi.SecurityContextHolderAwareRequestFilter@7c3ba7c9, org.springframework.security.web.authentication.AnonymousAuthenticationFilter@69f5740d, org.springframework.security.web.session.SessionManagementFilter@2bdda61c, org.springframework.security.web.access.ExceptionTranslationFilter@4e027cd4, org.springframework.security.web.access.intercept.FilterSecurityInterceptor@5ea7baef]
2020-08-12 18:19:39.770  INFO 21400 --- [    Test worker] o.s.s.concurrent.ThreadPoolTaskExecutor  : Initializing ExecutorService 'applicationTaskExecutor'
2020-08-12 18:19:39.797  WARN 21400 --- [    Test worker] aWebConfiguration$JpaWebMvcConfiguration : spring.jpa.open-in-view is enabled by default. Therefore, database queries may be performed during view rendering. Explicitly configure spring.jpa.open-in-view to disable this warning
2020-08-12 18:19:39.858  INFO 21400 --- [    Test worker] o.s.b.a.w.s.WelcomePageHandlerMapping    : Adding welcome page template: index
2020-08-12 18:19:40.561  INFO 21400 --- [    Test worker] s.a.ScheduledAnnotationBeanPostProcessor : No TaskScheduler/ScheduledExecutorService bean found for scheduled processing
2020-08-12 18:19:40.598  INFO 21400 --- [    Test worker] o.s.b.w.embedded.tomcat.TomcatWebServer  : Tomcat started on port(s): 5554 (http) with context path ''
2020-08-12 18:19:40.599  INFO 21400 --- [    Test worker] c.c.p.s.web.IndexControllerTest          : Started IndexControllerTest in 4.777 seconds (JVM running for 19.731)
2020-08-12 18:19:40.829  INFO 21400 --- [o-auto-1-exec-1] o.a.c.c.C.[Tomcat].[localhost].[/]       : Initializing Spring DispatcherServlet 'dispatcherServlet'
2020-08-12 18:19:40.829  INFO 21400 --- [o-auto-1-exec-1] o.s.web.servlet.DispatcherServlet        : Initializing Servlet 'dispatcherServlet'
2020-08-12 18:19:40.872  INFO 21400 --- [o-auto-1-exec-1] o.s.web.servlet.DispatcherServlet        : Completed initialization in 42 ms
Hibernate: select posts0_.id as id1_0_, posts0_.create_date as create_d2_0_, posts0_.modified_date as modified3_0_, posts0_.author as author4_0_, posts0_.content as content5_0_, posts0_.email as email6_0_, posts0_.title as title7_0_ from posts posts0_ order by posts0_.id DESC
]]></system-out>
  <system-err><![CDATA[]]></system-err>
</testsuite>
