<?xml version="1.0" encoding="UTF-8"?>
<testsuite name="com.cheol.project.springboot.web.ProfileControllerUnitTest" tests="3" skipped="0" failures="0" errors="0" timestamp="2020-08-06T07:11:21" hostname="DESKTOP-4C997B2" time="0.005">
  <properties/>
  <testcase name="real_profile이_없으면_첫_번째가_조회된다" classname="com.cheol.project.springboot.web.ProfileControllerUnitTest" time="0.002"/>
  <testcase name="active_profile이_없으면_default가_조회된다" classname="com.cheol.project.springboot.web.ProfileControllerUnitTest" time="0.0"/>
  <testcase name="real_profile이_조회된다" classname="com.cheol.project.springboot.web.ProfileControllerUnitTest" time="0.001"/>
  <system-out><![CDATA[]]></system-out>
  <system-err><![CDATA[]]></system-err>
</testsuite>
