<?xml version="1.0" encoding="UTF-8"?>
<testsuite name="com.cheol.project.springboot.web.IndexControllerTest" tests="1" skipped="0" failures="0" errors="0" timestamp="2020-08-01T06:44:53" hostname="DESKTOP-4C997B2" time="0.775">
  <properties/>
  <testcase name="메인페이지_로딩" classname="com.cheol.project.springboot.web.IndexControllerTest" time="0.775"/>
  <system-out><![CDATA[15:44:36.374 [Test worker] DEBUG org.springframework.test.context.junit4.SpringJUnit4ClassRunner - SpringJUnit4ClassRunner constructor called with [class com.cheol.project.springboot.web.IndexControllerTest]
15:44:36.394 [Test worker] DEBUG org.springframework.test.context.BootstrapUtils - Instantiating CacheAwareContextLoaderDelegate from class [org.springframework.test.context.cache.DefaultCacheAwareContextLoaderDelegate]
15:44:36.425 [Test worker] DEBUG org.springframework.test.context.BootstrapUtils - Instantiating BootstrapContext using constructor [public org.springframework.test.context.support.DefaultBootstrapContext(java.lang.Class,org.springframework.test.context.CacheAwareContextLoaderDelegate)]
15:44:36.465 [Test worker] DEBUG org.springframework.test.context.BootstrapUtils - Instantiating TestContextBootstrapper for test class [com.cheol.project.springboot.web.IndexControllerTest] from class [org.springframework.boot.test.context.SpringBootTestContextBootstrapper]
15:44:36.509 [Test worker] INFO org.springframework.boot.test.context.SpringBootTestContextBootstrapper - Neither @ContextConfiguration nor @ContextHierarchy found for test class [com.cheol.project.springboot.web.IndexControllerTest], using SpringBootContextLoader
15:44:36.517 [Test worker] DEBUG org.springframework.test.context.support.AbstractContextLoader - Did not detect default resource location for test class [com.cheol.project.springboot.web.IndexControllerTest]: class path resource [com/cheol/project/springboot/web/IndexControllerTest-context.xml] does not exist
15:44:36.518 [Test worker] DEBUG org.springframework.test.context.support.AbstractContextLoader - Did not detect default resource location for test class [com.cheol.project.springboot.web.IndexControllerTest]: class path resource [com/cheol/project/springboot/web/IndexControllerTestContext.groovy] does not exist
15:44:36.520 [Test worker] INFO org.springframework.test.context.support.AbstractContextLoader - Could not detect default resource locations for test class [com.cheol.project.springboot.web.IndexControllerTest]: no resource found for suffixes {-context.xml, Context.groovy}.
15:44:36.523 [Test worker] INFO org.springframework.test.context.support.AnnotationConfigContextLoaderUtils - Could not detect default configuration classes for test class [com.cheol.project.springboot.web.IndexControllerTest]: IndexControllerTest does not declare any static, non-private, non-final, nested classes annotated with @Configuration.
15:44:36.624 [Test worker] DEBUG org.springframework.test.context.support.ActiveProfilesUtils - Could not find an 'annotation declaring class' for annotation type [org.springframework.test.context.ActiveProfiles] and class [com.cheol.project.springboot.web.IndexControllerTest]
15:44:36.874 [Test worker] DEBUG org.springframework.context.annotation.ClassPathScanningCandidateComponentProvider - Identified candidate component class: file [C:\cheol\java\work\cheol-springboot-webservice\build\classes\java\main\com\cheol\project\springboot\Application.class]
15:44:36.877 [Test worker] INFO org.springframework.boot.test.context.SpringBootTestContextBootstrapper - Found @SpringBootConfiguration com.cheol.project.springboot.Application for test class com.cheol.project.springboot.web.IndexControllerTest
15:44:37.111 [Test worker] DEBUG org.springframework.boot.test.context.SpringBootTestContextBootstrapper - @TestExecutionListeners is not present for class [com.cheol.project.springboot.web.IndexControllerTest]: using defaults.
15:44:37.113 [Test worker] INFO org.springframework.boot.test.context.SpringBootTestContextBootstrapper - Loaded default TestExecutionListener class names from location [META-INF/spring.factories]: [org.springframework.security.test.context.support.WithSecurityContextTestExecutionListener, org.springframework.security.test.context.support.ReactorContextTestExecutionListener, org.springframework.boot.test.autoconfigure.restdocs.RestDocsTestExecutionListener, org.springframework.boot.test.autoconfigure.web.client.MockRestServiceServerResetTestExecutionListener, org.springframework.boot.test.autoconfigure.web.servlet.MockMvcPrintOnlyOnFailureTestExecutionListener, org.springframework.boot.test.autoconfigure.web.servlet.WebDriverTestExecutionListener, org.springframework.boot.test.mock.mockito.MockitoTestExecutionListener, org.springframework.boot.test.mock.mockito.ResetMocksTestExecutionListener, org.springframework.test.context.web.ServletTestExecutionListener, org.springframework.test.context.support.DirtiesContextBeforeModesTestExecutionListener, org.springframework.test.context.support.DependencyInjectionTestExecutionListener, org.springframework.test.context.support.DirtiesContextTestExecutionListener, org.springframework.test.context.transaction.TransactionalTestExecutionListener, org.springframework.test.context.jdbc.SqlScriptsTestExecutionListener]
15:44:37.182 [Test worker] INFO org.springframework.boot.test.context.SpringBootTestContextBootstrapper - Using TestExecutionListeners: [org.springframework.test.context.web.ServletTestExecutionListener@28dcaf72, org.springframework.test.context.support.DirtiesContextBeforeModesTestExecutionListener@78ca341b, org.springframework.boot.test.mock.mockito.MockitoTestExecutionListener@3b752e8f, org.springframework.boot.test.autoconfigure.SpringBootDependencyInjectionTestExecutionListener@613518d8, org.springframework.test.context.support.DirtiesContextTestExecutionListener@2cdf8cb3, org.springframework.test.context.transaction.TransactionalTestExecutionListener@59c0fdf, org.springframework.test.context.jdbc.SqlScriptsTestExecutionListener@178f58b5, org.springframework.security.test.context.support.WithSecurityContextTestExecutionListener@5eb57144, org.springframework.security.test.context.support.ReactorContextTestExecutionListener@edfc435, org.springframework.boot.test.autoconfigure.restdocs.RestDocsTestExecutionListener@6bd8d0c6, org.springframework.boot.test.autoconfigure.web.client.MockRestServiceServerResetTestExecutionListener@6ff77f8, org.springframework.boot.test.autoconfigure.web.servlet.MockMvcPrintOnlyOnFailureTestExecutionListener@73b50932, org.springframework.boot.test.autoconfigure.web.servlet.WebDriverTestExecutionListener@3bb851d, org.springframework.boot.test.mock.mockito.ResetMocksTestExecutionListener@2ec83b4c]
15:44:37.190 [Test worker] DEBUG org.springframework.test.annotation.ProfileValueUtils - Retrieved @ProfileValueSourceConfiguration [null] for test class [com.cheol.project.springboot.web.IndexControllerTest]
15:44:37.193 [Test worker] DEBUG org.springframework.test.annotation.ProfileValueUtils - Retrieved ProfileValueSource type [class org.springframework.test.annotation.SystemProfileValueSource] for class [com.cheol.project.springboot.web.IndexControllerTest]
15:44:37.202 [Test worker] DEBUG org.springframework.test.annotation.ProfileValueUtils - Retrieved @ProfileValueSourceConfiguration [null] for test class [com.cheol.project.springboot.web.IndexControllerTest]
15:44:37.203 [Test worker] DEBUG org.springframework.test.annotation.ProfileValueUtils - Retrieved ProfileValueSource type [class org.springframework.test.annotation.SystemProfileValueSource] for class [com.cheol.project.springboot.web.IndexControllerTest]
15:44:37.206 [Test worker] DEBUG org.springframework.test.annotation.ProfileValueUtils - Retrieved @ProfileValueSourceConfiguration [null] for test class [com.cheol.project.springboot.web.IndexControllerTest]
15:44:37.206 [Test worker] DEBUG org.springframework.test.annotation.ProfileValueUtils - Retrieved ProfileValueSource type [class org.springframework.test.annotation.SystemProfileValueSource] for class [com.cheol.project.springboot.web.IndexControllerTest]
15:44:37.217 [Test worker] DEBUG org.springframework.test.context.support.AbstractDirtiesContextTestExecutionListener - Before test class: context [DefaultTestContext@24925170 testClass = IndexControllerTest, testInstance = [null], testMethod = [null], testException = [null], mergedContextConfiguration = [WebMergedContextConfiguration@a7e684 testClass = IndexControllerTest, locations = '{}', classes = '{class com.cheol.project.springboot.Application}', contextInitializerClasses = '[]', activeProfiles = '{}', propertySourceLocations = '{}', propertySourceProperties = '{org.springframework.boot.test.context.SpringBootTestContextBootstrapper=true, server.port=0}', contextCustomizers = set[org.springframework.boot.test.autoconfigure.properties.PropertyMappingContextCustomizer@0, org.springframework.boot.test.autoconfigure.web.servlet.WebDriverContextCustomizerFactory$Customizer@75174657, org.springframework.boot.test.context.filter.ExcludeFilterContextCustomizer@804704a, org.springframework.boot.test.json.DuplicateJsonObjectContextCustomizerFactory$DuplicateJsonObjectContextCustomizer@6a29cb1a, org.springframework.boot.test.mock.mockito.MockitoContextCustomizer@0, org.springframework.boot.test.web.client.TestRestTemplateContextCustomizer@20f206dc], resourceBasePath = 'src/main/webapp', contextLoader = 'org.springframework.boot.test.context.SpringBootContextLoader', parent = [null]], attributes = map['org.springframework.test.context.web.ServletTestExecutionListener.activateListener' -> false]], class annotated with @DirtiesContext [false] with mode [null].
15:44:37.220 [Test worker] DEBUG org.springframework.test.annotation.ProfileValueUtils - Retrieved @ProfileValueSourceConfiguration [null] for test class [com.cheol.project.springboot.web.IndexControllerTest]
15:44:37.220 [Test worker] DEBUG org.springframework.test.annotation.ProfileValueUtils - Retrieved ProfileValueSource type [class org.springframework.test.annotation.SystemProfileValueSource] for class [com.cheol.project.springboot.web.IndexControllerTest]
15:44:37.230 [Test worker] DEBUG org.springframework.test.context.support.DependencyInjectionTestExecutionListener - Performing dependency injection for test context [[DefaultTestContext@24925170 testClass = IndexControllerTest, testInstance = com.cheol.project.springboot.web.IndexControllerTest@2ba9657d, testMethod = [null], testException = [null], mergedContextConfiguration = [WebMergedContextConfiguration@a7e684 testClass = IndexControllerTest, locations = '{}', classes = '{class com.cheol.project.springboot.Application}', contextInitializerClasses = '[]', activeProfiles = '{}', propertySourceLocations = '{}', propertySourceProperties = '{org.springframework.boot.test.context.SpringBootTestContextBootstrapper=true, server.port=0}', contextCustomizers = set[org.springframework.boot.test.autoconfigure.properties.PropertyMappingContextCustomizer@0, org.springframework.boot.test.autoconfigure.web.servlet.WebDriverContextCustomizerFactory$Customizer@75174657, org.springframework.boot.test.context.filter.ExcludeFilterContextCustomizer@804704a, org.springframework.boot.test.json.DuplicateJsonObjectContextCustomizerFactory$DuplicateJsonObjectContextCustomizer@6a29cb1a, org.springframework.boot.test.mock.mockito.MockitoContextCustomizer@0, org.springframework.boot.test.web.client.TestRestTemplateContextCustomizer@20f206dc], resourceBasePath = 'src/main/webapp', contextLoader = 'org.springframework.boot.test.context.SpringBootContextLoader', parent = [null]], attributes = map['org.springframework.test.context.web.ServletTestExecutionListener.activateListener' -> false]]].
15:44:37.275 [Test worker] DEBUG org.springframework.test.context.support.TestPropertySourceUtils - Adding inlined properties to environment: {spring.jmx.enabled=false, org.springframework.boot.test.context.SpringBootTestContextBootstrapper=true, server.port=0}

  .   ____          _            __ _ _
 /\\ / ___'_ __ _ _(_)_ __  __ _ \ \ \ \
( ( )\___ | '_ | '_| | '_ \/ _` | \ \ \ \
 \\/  ___)| |_)| | | | | || (_| |  ) ) ) )
  '  |____| .__|_| |_|_| |_\__, | / / / /
 =========|_|==============|___/=/_/_/_/
 :: Spring Boot ::        (v2.1.7.RELEASE)

2020-08-01 15:44:37.925  INFO 12680 --- [    Test worker] c.c.p.s.web.IndexControllerTest          : Starting IndexControllerTest on DESKTOP-4C997B2 with PID 12680 (started by Admin in C:\cheol\java\work\cheol-springboot-webservice)
2020-08-01 15:44:37.931  INFO 12680 --- [    Test worker] c.c.p.s.web.IndexControllerTest          : No active profile set, falling back to default profiles: default
2020-08-01 15:44:40.414  INFO 12680 --- [    Test worker] .s.d.r.c.RepositoryConfigurationDelegate : Bootstrapping Spring Data repositories in DEFAULT mode.
2020-08-01 15:44:40.567  INFO 12680 --- [    Test worker] .s.d.r.c.RepositoryConfigurationDelegate : Finished Spring Data repository scanning in 140ms. Found 2 repository interfaces.
2020-08-01 15:44:41.726  INFO 12680 --- [    Test worker] trationDelegate$BeanPostProcessorChecker : Bean 'org.springframework.transaction.annotation.ProxyTransactionManagementConfiguration' of type [org.springframework.transaction.annotation.ProxyTransactionManagementConfiguration$$EnhancerBySpringCGLIB$$21c3d00c] is not eligible for getting processed by all BeanPostProcessors (for example: not eligible for auto-proxying)
2020-08-01 15:44:42.718  INFO 12680 --- [    Test worker] o.s.b.w.embedded.tomcat.TomcatWebServer  : Tomcat initialized with port(s): 0 (http)
2020-08-01 15:44:42.765  INFO 12680 --- [    Test worker] o.apache.catalina.core.StandardService   : Starting service [Tomcat]
2020-08-01 15:44:42.766  INFO 12680 --- [    Test worker] org.apache.catalina.core.StandardEngine  : Starting Servlet engine: [Apache Tomcat/9.0.22]
2020-08-01 15:44:43.135  INFO 12680 --- [    Test worker] o.a.c.c.C.[Tomcat].[localhost].[/]       : Initializing Spring embedded WebApplicationContext
2020-08-01 15:44:43.135  INFO 12680 --- [    Test worker] o.s.web.context.ContextLoader            : Root WebApplicationContext: initialization completed in 5122 ms
2020-08-01 15:44:43.778  INFO 12680 --- [    Test worker] com.zaxxer.hikari.HikariDataSource       : HikariPool-1 - Starting...
2020-08-01 15:44:44.072  INFO 12680 --- [    Test worker] com.zaxxer.hikari.HikariDataSource       : HikariPool-1 - Start completed.
2020-08-01 15:44:44.328  INFO 12680 --- [    Test worker] o.hibernate.jpa.internal.util.LogHelper  : HHH000204: Processing PersistenceUnitInfo [
	name: default
	...]
2020-08-01 15:44:44.531  INFO 12680 --- [    Test worker] org.hibernate.Version                    : HHH000412: Hibernate Core {5.3.10.Final}
2020-08-01 15:44:44.537  INFO 12680 --- [    Test worker] org.hibernate.cfg.Environment            : HHH000206: hibernate.properties not found
2020-08-01 15:44:45.103  INFO 12680 --- [    Test worker] o.hibernate.annotations.common.Version   : HCANN000001: Hibernate Commons Annotations {5.0.4.Final}
2020-08-01 15:44:45.564  INFO 12680 --- [    Test worker] org.hibernate.dialect.Dialect            : HHH000400: Using dialect: org.hibernate.dialect.MySQL5InnoDBDialect
Hibernate: drop table if exists posts
Hibernate: drop table if exists user
Hibernate: create table posts (id bigint not null auto_increment, create_date datetime, modified_date datetime, author varchar(255), content TEXT not null, title varchar(500) not null, primary key (id)) engine=InnoDB
Hibernate: create table user (id bigint not null auto_increment, create_date datetime, modified_date datetime, email varchar(255) not null, name varchar(255) not null, picture varchar(255), role varchar(255) not null, primary key (id)) engine=InnoDB
2020-08-01 15:44:47.586  INFO 12680 --- [    Test worker] o.h.t.schema.internal.SchemaCreatorImpl  : HHH000476: Executing import script 'org.hibernate.tool.schema.internal.exec.ScriptSourceInputNonExistentImpl@424063e0'
2020-08-01 15:44:47.593  INFO 12680 --- [    Test worker] j.LocalContainerEntityManagerFactoryBean : Initialized JPA EntityManagerFactory for persistence unit 'default'
2020-08-01 15:44:49.607  INFO 12680 --- [    Test worker] o.h.h.i.QueryTranslatorFactoryInitiator  : HHH000397: Using ASTQueryTranslatorFactory
2020-08-01 15:44:50.729  INFO 12680 --- [    Test worker] o.s.s.web.DefaultSecurityFilterChain     : Creating filter chain: any request, [org.springframework.security.web.context.request.async.WebAsyncManagerIntegrationFilter@152b448b, org.springframework.security.web.context.SecurityContextPersistenceFilter@7cd80632, org.springframework.security.web.header.HeaderWriterFilter@4866caad, org.springframework.security.web.authentication.logout.LogoutFilter@3e4d62f, org.springframework.security.oauth2.client.web.OAuth2AuthorizationRequestRedirectFilter@1de7f6ca, org.springframework.security.oauth2.client.web.OAuth2LoginAuthenticationFilter@721939ce, org.springframework.security.web.authentication.ui.DefaultLoginPageGeneratingFilter@2ab3cc9c, org.springframework.security.web.authentication.ui.DefaultLogoutPageGeneratingFilter@4f40079e, org.springframework.security.web.savedrequest.RequestCacheAwareFilter@3eef33d3, org.springframework.security.web.servletapi.SecurityContextHolderAwareRequestFilter@d0b5fdf, org.springframework.security.web.authentication.AnonymousAuthenticationFilter@5852ac34, org.springframework.security.web.session.SessionManagementFilter@51c8385b, org.springframework.security.web.access.ExceptionTranslationFilter@2e8babc8, org.springframework.security.web.access.intercept.FilterSecurityInterceptor@2c6c91c]
2020-08-01 15:44:51.658  INFO 12680 --- [    Test worker] o.s.s.concurrent.ThreadPoolTaskExecutor  : Initializing ExecutorService 'applicationTaskExecutor'
2020-08-01 15:44:51.788  WARN 12680 --- [    Test worker] aWebConfiguration$JpaWebMvcConfiguration : spring.jpa.open-in-view is enabled by default. Therefore, database queries may be performed during view rendering. Explicitly configure spring.jpa.open-in-view to disable this warning
2020-08-01 15:44:51.899  INFO 12680 --- [    Test worker] o.s.b.a.w.s.WelcomePageHandlerMapping    : Adding welcome page template: index
2020-08-01 15:44:52.954  INFO 12680 --- [    Test worker] s.a.ScheduledAnnotationBeanPostProcessor : No TaskScheduler/ScheduledExecutorService bean found for scheduled processing
2020-08-01 15:44:53.018  INFO 12680 --- [    Test worker] o.s.b.w.embedded.tomcat.TomcatWebServer  : Tomcat started on port(s): 5726 (http) with context path ''
2020-08-01 15:44:53.023  INFO 12680 --- [    Test worker] c.c.p.s.web.IndexControllerTest          : Started IndexControllerTest in 15.744 seconds (JVM running for 18.443)
2020-08-01 15:44:53.392  INFO 12680 --- [o-auto-1-exec-1] o.a.c.c.C.[Tomcat].[localhost].[/]       : Initializing Spring DispatcherServlet 'dispatcherServlet'
2020-08-01 15:44:53.392  INFO 12680 --- [o-auto-1-exec-1] o.s.web.servlet.DispatcherServlet        : Initializing Servlet 'dispatcherServlet'
2020-08-01 15:44:53.433  INFO 12680 --- [o-auto-1-exec-1] o.s.web.servlet.DispatcherServlet        : Completed initialization in 41 ms
Hibernate: select posts0_.id as id1_0_, posts0_.create_date as create_d2_0_, posts0_.modified_date as modified3_0_, posts0_.author as author4_0_, posts0_.content as content5_0_, posts0_.title as title6_0_ from posts posts0_ order by posts0_.id DESC
]]></system-out>
  <system-err><![CDATA[]]></system-err>
</testsuite>
