<?xml version="1.0" encoding="UTF-8"?>
<testsuite name="com.cheol.project.springboot.web.HelloControllerTest" tests="2" skipped="0" failures="0" errors="0" timestamp="2020-08-06T07:11:16" hostname="DESKTOP-4C997B2" time="0.296">
  <properties/>
  <testcase name="hello가_리턴된다" classname="com.cheol.project.springboot.web.HelloControllerTest" time="0.137"/>
  <testcase name="helloDto가_리턴된다" classname="com.cheol.project.springboot.web.HelloControllerTest" time="0.159"/>
  <system-out><![CDATA[2020-08-06 16:11:14.497  INFO 15684 --- [    Test worker] .b.t.a.w.s.WebMvcTestContextBootstrapper : Neither @ContextConfiguration nor @ContextHierarchy found for test class [com.cheol.project.springboot.web.HelloControllerTest], using SpringBootContextLoader
2020-08-06 16:11:14.499  INFO 15684 --- [    Test worker] o.s.t.c.support.AbstractContextLoader    : Could not detect default resource locations for test class [com.cheol.project.springboot.web.HelloControllerTest]: no resource found for suffixes {-context.xml, Context.groovy}.
2020-08-06 16:11:14.499  INFO 15684 --- [    Test worker] t.c.s.AnnotationConfigContextLoaderUtils : Could not detect default configuration classes for test class [com.cheol.project.springboot.web.HelloControllerTest]: HelloControllerTest does not declare any static, non-private, non-final, nested classes annotated with @Configuration.
2020-08-06 16:11:14.656  INFO 15684 --- [    Test worker] .b.t.c.SpringBootTestContextBootstrapper : Found @SpringBootConfiguration com.cheol.project.springboot.Application for test class com.cheol.project.springboot.web.HelloControllerTest
2020-08-06 16:11:14.659  INFO 15684 --- [    Test worker] .b.t.a.w.s.WebMvcTestContextBootstrapper : Loaded default TestExecutionListener class names from location [META-INF/spring.factories]: [org.springframework.security.test.context.support.WithSecurityContextTestExecutionListener, org.springframework.security.test.context.support.ReactorContextTestExecutionListener, org.springframework.boot.test.autoconfigure.restdocs.RestDocsTestExecutionListener, org.springframework.boot.test.autoconfigure.web.client.MockRestServiceServerResetTestExecutionListener, org.springframework.boot.test.autoconfigure.web.servlet.MockMvcPrintOnlyOnFailureTestExecutionListener, org.springframework.boot.test.autoconfigure.web.servlet.WebDriverTestExecutionListener, org.springframework.boot.test.mock.mockito.MockitoTestExecutionListener, org.springframework.boot.test.mock.mockito.ResetMocksTestExecutionListener, org.springframework.test.context.web.ServletTestExecutionListener, org.springframework.test.context.support.DirtiesContextBeforeModesTestExecutionListener, org.springframework.test.context.support.DependencyInjectionTestExecutionListener, org.springframework.test.context.support.DirtiesContextTestExecutionListener, org.springframework.test.context.transaction.TransactionalTestExecutionListener, org.springframework.test.context.jdbc.SqlScriptsTestExecutionListener]
2020-08-06 16:11:14.689  INFO 15684 --- [    Test worker] .b.t.a.w.s.WebMvcTestContextBootstrapper : Using TestExecutionListeners: [org.springframework.test.context.web.ServletTestExecutionListener@34c7d316, org.springframework.test.context.support.DirtiesContextBeforeModesTestExecutionListener@3ac36ff4, org.springframework.boot.test.mock.mockito.MockitoTestExecutionListener@55fdba88, org.springframework.boot.test.autoconfigure.SpringBootDependencyInjectionTestExecutionListener@23ec263e, org.springframework.test.context.support.DirtiesContextTestExecutionListener@29391e36, org.springframework.test.context.transaction.TransactionalTestExecutionListener@824782a, org.springframework.test.context.jdbc.SqlScriptsTestExecutionListener@3035aa5c, org.springframework.security.test.context.support.WithSecurityContextTestExecutionListener@72aaa7b2, org.springframework.security.test.context.support.ReactorContextTestExecutionListener@1303cf7f, org.springframework.boot.test.autoconfigure.restdocs.RestDocsTestExecutionListener@38cd001d, org.springframework.boot.test.autoconfigure.web.client.MockRestServiceServerResetTestExecutionListener@25372a12, org.springframework.boot.test.autoconfigure.web.servlet.MockMvcPrintOnlyOnFailureTestExecutionListener@2879e31, org.springframework.boot.test.autoconfigure.web.servlet.WebDriverTestExecutionListener@ff2c129, org.springframework.boot.test.mock.mockito.ResetMocksTestExecutionListener@5f6ff522]

  .   ____          _            __ _ _
 /\\ / ___'_ __ _ _(_)_ __  __ _ \ \ \ \
( ( )\___ | '_ | '_| | '_ \/ _` | \ \ \ \
 \\/  ___)| |_)| | | | | || (_| |  ) ) ) )
  '  |____| .__|_| |_|_| |_\__, | / / / /
 =========|_|==============|___/=/_/_/_/
 :: Spring Boot ::        (v2.1.7.RELEASE)

2020-08-06 16:11:14.790  INFO 15684 --- [    Test worker] c.c.p.s.web.HelloControllerTest          : Starting HelloControllerTest on DESKTOP-4C997B2 with PID 15684 (started by Admin in C:\cheol\java\work\cheol-springboot-webservice)
2020-08-06 16:11:14.795  INFO 15684 --- [    Test worker] c.c.p.s.web.HelloControllerTest          : No active profile set, falling back to default profiles: default
2020-08-06 16:11:15.699  INFO 15684 --- [    Test worker] o.s.s.concurrent.ThreadPoolTaskExecutor  : Initializing ExecutorService 'applicationTaskExecutor'
2020-08-06 16:11:15.744  INFO 15684 --- [    Test worker] o.s.b.a.w.s.WelcomePageHandlerMapping    : Adding welcome page template: index
2020-08-06 16:11:16.213  INFO 15684 --- [    Test worker] .s.s.UserDetailsServiceAutoConfiguration : 

Using generated security password: cb69081f-3844-4be9-b5c2-cc3b9562a0e8

2020-08-06 16:11:16.478  INFO 15684 --- [    Test worker] o.s.s.web.DefaultSecurityFilterChain     : Creating filter chain: any request, [org.springframework.security.web.context.request.async.WebAsyncManagerIntegrationFilter@682f0e8a, org.springframework.security.web.context.SecurityContextPersistenceFilter@26b39837, org.springframework.security.web.header.HeaderWriterFilter@76c9444c, org.springframework.security.web.csrf.CsrfFilter@1944a0a, org.springframework.security.web.authentication.logout.LogoutFilter@578401cc, org.springframework.security.web.authentication.UsernamePasswordAuthenticationFilter@646b54c8, org.springframework.security.web.authentication.ui.DefaultLoginPageGeneratingFilter@6f90fbaf, org.springframework.security.web.authentication.ui.DefaultLogoutPageGeneratingFilter@fb69783, org.springframework.security.web.authentication.www.BasicAuthenticationFilter@37de129f, org.springframework.security.web.savedrequest.RequestCacheAwareFilter@72ec8564, org.springframework.security.web.servletapi.SecurityContextHolderAwareRequestFilter@4e3b4451, org.springframework.security.web.authentication.AnonymousAuthenticationFilter@48bb2600, org.springframework.security.web.session.SessionManagementFilter@55ae9485, org.springframework.security.web.access.ExceptionTranslationFilter@95bba07, org.springframework.security.web.access.intercept.FilterSecurityInterceptor@55d38227]
2020-08-06 16:11:16.536  INFO 15684 --- [    Test worker] o.s.b.t.m.w.SpringBootMockServletContext : Initializing Spring TestDispatcherServlet ''
2020-08-06 16:11:16.536  INFO 15684 --- [    Test worker] o.s.t.web.servlet.TestDispatcherServlet  : Initializing Servlet ''
2020-08-06 16:11:16.562  INFO 15684 --- [    Test worker] o.s.t.web.servlet.TestDispatcherServlet  : Completed initialization in 25 ms
2020-08-06 16:11:16.610  INFO 15684 --- [    Test worker] c.c.p.s.web.HelloControllerTest          : Started HelloControllerTest in 1.914 seconds (JVM running for 19.503)
]]></system-out>
  <system-err><![CDATA[]]></system-err>
</testsuite>
